[2017-09-07 19:23:47] Текст ошибки: Контроллер app\controllers\admin\MainController не найден | Файл: D:\WebServer\domains\ishop2.loc\vendor\ishop\core\Router.php | Строка: 36
=================
[2017-09-07 19:23:47] Текст ошибки: Страница не найдена | Файл: D:\WebServer\domains\ishop2.loc\vendor\ishop\core\Router.php | Строка: 39
=================
[2017-09-07 19:23:47] Текст ошибки: Страница не найдена | Файл: D:\WebServer\domains\ishop2.loc\vendor\ishop\core\Router.php | Строка: 39
=================
[2017-09-07 19:26:12] Текст ошибки: Контроллер app\controllers\admin\MainController не найден | Файл: D:\WebServer\domains\ishop2.loc\vendor\ishop\core\Router.php | Строка: 36
=================
[2017-09-07 19:44:08] Текст ошибки: Страница не найдена | Файл: D:\WebServer\domains\ishop2.loc\vendor\ishop\core\Router.php | Строка: 39
=================
[2017-09-07 19:44:08] Текст ошибки: Страница не найдена | Файл: D:\WebServer\domains\ishop2.loc\vendor\ishop\core\Router.php | Строка: 39
=================
[2017-09-07 19:44:08] Текст ошибки: Страница не найдена | Файл: D:\WebServer\domains\ishop2.loc\vendor\ishop\core\Router.php | Строка: 39
=================
[2017-09-07 19:44:08] Текст ошибки: Страница не найдена | Файл: D:\WebServer\domains\ishop2.loc\vendor\ishop\core\Router.php | Строка: 39
=================
[2017-09-07 19:44:08] Текст ошибки: Страница не найдена | Файл: D:\WebServer\domains\ishop2.loc\vendor\ishop\core\Router.php | Строка: 39
=================
[2017-09-07 19:44:08] Текст ошибки: Страница не найдена | Файл: D:\WebServer\domains\ishop2.loc\vendor\ishop\core\Router.php | Строка: 39
=================
[2017-09-07 19:44:08] Текст ошибки: Страница не найдена | Файл: D:\WebServer\domains\ishop2.loc\vendor\ishop\core\Router.php | Строка: 39
=================
[2017-09-07 19:44:08] Текст ошибки: Страница не найдена | Файл: D:\WebServer\domains\ishop2.loc\vendor\ishop\core\Router.php | Строка: 39
=================
[2017-09-07 19:44:08] Текст ошибки: Страница не найдена | Файл: D:\WebServer\domains\ishop2.loc\vendor\ishop\core\Router.php | Строка: 39
=================
[2017-09-07 19:44:08] Текст ошибки: Страница не найдена | Файл: D:\WebServer\domains\ishop2.loc\vendor\ishop\core\Router.php | Строка: 39
=================
[2017-09-07 19:44:08] Текст ошибки: Страница не найдена | Файл: D:\WebServer\domains\ishop2.loc\vendor\ishop\core\Router.php | Строка: 39
=================
[2017-09-07 19:44:08] Текст ошибки: Страница не найдена | Файл: D:\WebServer\domains\ishop2.loc\vendor\ishop\core\Router.php | Строка: 39
=================
[2017-09-07 19:44:08] Текст ошибки: Страница не найдена | Файл: D:\WebServer\domains\ishop2.loc\vendor\ishop\core\Router.php | Строка: 39
=================
[2017-09-07 19:44:08] Текст ошибки: Страница не найдена | Файл: D:\WebServer\domains\ishop2.loc\vendor\ishop\core\Router.php | Строка: 39
=================
[2017-09-07 19:44:08] Текст ошибки: Страница не найдена | Файл: D:\WebServer\domains\ishop2.loc\vendor\ishop\core\Router.php | Строка: 39
=================
[2017-09-07 19:44:08] Текст ошибки: Страница не найдена | Файл: D:\WebServer\domains\ishop2.loc\vendor\ishop\core\Router.php | Строка: 39
=================
[2017-09-07 19:44:08] Текст ошибки: Страница не найдена | Файл: D:\WebServer\domains\ishop2.loc\vendor\ishop\core\Router.php | Строка: 39
=================
[2017-09-07 19:44:08] Текст ошибки: Страница не найдена | Файл: D:\WebServer\domains\ishop2.loc\vendor\ishop\core\Router.php | Строка: 39
=================
[2017-09-07 19:44:08] Текст ошибки: Страница не найдена | Файл: D:\WebServer\domains\ishop2.loc\vendor\ishop\core\Router.php | Строка: 39
=================
[2017-09-07 19:44:08] Текст ошибки: Страница не найдена | Файл: D:\WebServer\domains\ishop2.loc\vendor\ishop\core\Router.php | Строка: 39
=================
[2017-09-07 19:44:08] Текст ошибки: Страница не найдена | Файл: D:\WebServer\domains\ishop2.loc\vendor\ishop\core\Router.php | Строка: 39
=================
[2017-09-07 19:44:08] Текст ошибки: Страница не найдена | Файл: D:\WebServer\domains\ishop2.loc\vendor\ishop\core\Router.php | Строка: 39
=================
[2017-09-07 19:44:08] Текст ошибки: Страница не найдена | Файл: D:\WebServer\domains\ishop2.loc\vendor\ishop\core\Router.php | Строка: 39
=================
[2017-09-07 19:44:08] Текст ошибки: Страница не найдена | Файл: D:\WebServer\domains\ishop2.loc\vendor\ishop\core\Router.php | Строка: 39
=================
[2017-09-07 19:44:08] Текст ошибки: Страница не найдена | Файл: D:\WebServer\domains\ishop2.loc\vendor\ishop\core\Router.php | Строка: 39
=================
[2017-09-07 19:44:08] Текст ошибки: Страница не найдена | Файл: D:\WebServer\domains\ishop2.loc\vendor\ishop\core\Router.php | Строка: 39
=================
[2017-09-07 19:44:08] Текст ошибки: Страница не найдена | Файл: D:\WebServer\domains\ishop2.loc\vendor\ishop\core\Router.php | Строка: 39
=================
[2017-09-07 19:44:08] Текст ошибки: Страница не найдена | Файл: D:\WebServer\domains\ishop2.loc\vendor\ishop\core\Router.php | Строка: 39
=================
[2017-09-07 19:44:08] Текст ошибки: Страница не найдена | Файл: D:\WebServer\domains\ishop2.loc\vendor\ishop\core\Router.php | Строка: 39
=================
[2017-09-07 19:44:08] Текст ошибки: Страница не найдена | Файл: D:\WebServer\domains\ishop2.loc\vendor\ishop\core\Router.php | Строка: 39
=================
[2017-09-07 19:44:08] Текст ошибки: Страница не найдена | Файл: D:\WebServer\domains\ishop2.loc\vendor\ishop\core\Router.php | Строка: 39
=================
[2017-09-07 19:44:08] Текст ошибки: Страница не найдена | Файл: D:\WebServer\domains\ishop2.loc\vendor\ishop\core\Router.php | Строка: 39
=================
[2017-09-07 19:44:08] Текст ошибки: Страница не найдена | Файл: D:\WebServer\domains\ishop2.loc\vendor\ishop\core\Router.php | Строка: 39
=================
[2017-09-07 19:44:08] Текст ошибки: Страница не найдена | Файл: D:\WebServer\domains\ishop2.loc\vendor\ishop\core\Router.php | Строка: 39
=================
[2017-09-07 19:44:08] Текст ошибки: Страница не найдена | Файл: D:\WebServer\domains\ishop2.loc\vendor\ishop\core\Router.php | Строка: 39
=================
[2017-09-07 19:44:08] Текст ошибки: Страница не найдена | Файл: D:\WebServer\domains\ishop2.loc\vendor\ishop\core\Router.php | Строка: 39
=================
[2017-09-07 19:44:08] Текст ошибки: Страница не найдена | Файл: D:\WebServer\domains\ishop2.loc\vendor\ishop\core\Router.php | Строка: 39
=================
[2017-09-07 19:44:08] Текст ошибки: Страница не найдена | Файл: D:\WebServer\domains\ishop2.loc\vendor\ishop\core\Router.php | Строка: 39
=================
[2017-09-07 19:44:08] Текст ошибки: Страница не найдена | Файл: D:\WebServer\domains\ishop2.loc\vendor\ishop\core\Router.php | Строка: 39
=================
[2017-09-07 19:44:08] Текст ошибки: Страница не найдена | Файл: D:\WebServer\domains\ishop2.loc\vendor\ishop\core\Router.php | Строка: 39
=================
[2017-09-07 19:44:08] Текст ошибки: Страница не найдена | Файл: D:\WebServer\domains\ishop2.loc\vendor\ishop\core\Router.php | Строка: 39
=================
[2017-09-07 19:44:08] Текст ошибки: Страница не найдена | Файл: D:\WebServer\domains\ishop2.loc\vendor\ishop\core\Router.php | Строка: 39
=================
[2017-09-07 19:44:08] Текст ошибки: Страница не найдена | Файл: D:\WebServer\domains\ishop2.loc\vendor\ishop\core\Router.php | Строка: 39
=================
[2017-09-07 19:44:08] Текст ошибки: Страница не найдена | Файл: D:\WebServer\domains\ishop2.loc\vendor\ishop\core\Router.php | Строка: 39
=================
[2017-09-07 19:44:08] Текст ошибки: Страница не найдена | Файл: D:\WebServer\domains\ishop2.loc\vendor\ishop\core\Router.php | Строка: 39
=================
[2017-09-07 19:44:09] Текст ошибки: Страница не найдена | Файл: D:\WebServer\domains\ishop2.loc\vendor\ishop\core\Router.php | Строка: 39
=================
[2017-09-07 19:44:09] Текст ошибки: Страница не найдена | Файл: D:\WebServer\domains\ishop2.loc\vendor\ishop\core\Router.php | Строка: 39
=================
[2017-09-07 19:44:09] Текст ошибки: Страница не найдена | Файл: D:\WebServer\domains\ishop2.loc\vendor\ishop\core\Router.php | Строка: 39
=================
[2017-09-09 08:25:55] Текст ошибки: Страница не найдена | Файл: D:\WebServer\domains\ishop2.loc\vendor\ishop\core\Router.php | Строка: 39
=================
[2017-09-09 08:25:55] Текст ошибки: Страница не найдена | Файл: D:\WebServer\domains\ishop2.loc\vendor\ishop\core\Router.php | Строка: 39
=================
[2017-09-09 08:29:04] Текст ошибки: Страница не найдена | Файл: D:\WebServer\domains\ishop2.loc\vendor\ishop\core\Router.php | Строка: 39
=================
[2017-09-09 08:53:54] Текст ошибки: Страница не найдена | Файл: D:\WebServer\domains\ishop2.loc\vendor\ishop\core\Router.php | Строка: 39
=================
[2017-09-09 08:53:54] Текст ошибки: Страница не найдена | Файл: D:\WebServer\domains\ishop2.loc\vendor\ishop\core\Router.php | Строка: 39
=================
[2017-09-09 08:53:54] Текст ошибки: Страница не найдена | Файл: D:\WebServer\domains\ishop2.loc\vendor\ishop\core\Router.php | Строка: 39
=================
[2017-09-09 08:53:54] Текст ошибки: Страница не найдена | Файл: D:\WebServer\domains\ishop2.loc\vendor\ishop\core\Router.php | Строка: 39
=================
[2017-09-09 08:53:54] Текст ошибки: Страница не найдена | Файл: D:\WebServer\domains\ishop2.loc\vendor\ishop\core\Router.php | Строка: 39
=================
[2017-09-09 08:55:43] Текст ошибки: Страница не найдена | Файл: D:\WebServer\domains\ishop2.loc\vendor\ishop\core\Router.php | Строка: 39
=================
[2017-09-09 08:55:43] Текст ошибки: Страница не найдена | Файл: D:\WebServer\domains\ishop2.loc\vendor\ishop\core\Router.php | Строка: 39
=================
[2017-09-09 08:55:43] Текст ошибки: Страница не найдена | Файл: D:\WebServer\domains\ishop2.loc\vendor\ishop\core\Router.php | Строка: 39
=================
[2017-09-09 08:55:43] Текст ошибки: Страница не найдена | Файл: D:\WebServer\domains\ishop2.loc\vendor\ishop\core\Router.php | Строка: 39
=================
[2017-09-09 08:55:44] Текст ошибки: Страница не найдена | Файл: D:\WebServer\domains\ishop2.loc\vendor\ishop\core\Router.php | Строка: 39
=================
[2017-09-09 09:05:33] Текст ошибки: Контроллер app\controllers\admin\OrderController не найден | Файл: D:\WebServer\domains\ishop2.loc\vendor\ishop\core\Router.php | Строка: 36
=================
[2017-09-09 09:17:47] Текст ошибки: Контроллер app\controllers\admin\OrderController не найден | Файл: D:\WebServer\domains\ishop2.loc\vendor\ishop\core\Router.php | Строка: 36
=================
[2017-09-09 09:17:53] Текст ошибки: Контроллер app\controllers\admin\OrderController не найден | Файл: D:\WebServer\domains\ishop2.loc\vendor\ishop\core\Router.php | Строка: 36
=================
[2017-09-09 11:34:53] Текст ошибки: Страница не найдена | Файл: D:\WebServer\domains\ishop2.loc\vendor\ishop\core\Router.php | Строка: 39
=================
[2017-09-09 11:34:53] Текст ошибки: Страница не найдена | Файл: D:\WebServer\domains\ishop2.loc\vendor\ishop\core\Router.php | Строка: 39
=================
[2017-09-09 11:36:56] Текст ошибки: Метод app\controllers\admin\OrderController::viewAction не найден | Файл: D:\WebServer\domains\ishop2.loc\vendor\ishop\core\Router.php | Строка: 33
=================
[2017-09-09 11:42:31] Текст ошибки: Страница не найдена | Файл: D:\WebServer\domains\ishop2.loc\app\controllers\admin\AppController.php | Строка: 29
=================
[2017-09-09 12:28:34] Текст ошибки: Метод app\controllers\admin\OrderController::deleteAction не найден | Файл: D:\WebServer\domains\ishop2.loc\vendor\ishop\core\Router.php | Строка: 33
=================
[2017-09-09 14:04:55] Текст ошибки: Страница не найдена | Файл: D:\WebServer\domains\ishop2.loc\vendor\ishop\core\Router.php | Строка: 39
=================
[2017-09-09 14:04:55] Текст ошибки: Страница не найдена | Файл: D:\WebServer\domains\ishop2.loc\vendor\ishop\core\Router.php | Строка: 39
=================
[2017-09-09 15:37:39] Текст ошибки: Страница не найдена | Файл: D:\WebServer\domains\ishop2.loc\vendor\ishop\core\Router.php | Строка: 39
=================
[2017-09-09 15:37:39] Текст ошибки: Страница не найдена | Файл: D:\WebServer\domains\ishop2.loc\vendor\ishop\core\Router.php | Строка: 39
=================
[2017-09-10 08:58:27] Текст ошибки: Страница не найдена | Файл: D:\WebServer\domains\ishop2.loc\vendor\ishop\core\Router.php | Строка: 39
=================
[2017-09-10 08:58:27] Текст ошибки: Страница не найдена | Файл: D:\WebServer\domains\ishop2.loc\vendor\ishop\core\Router.php | Строка: 39
=================
[2017-09-10 09:55:00] Текст ошибки: SQLSTATE[42000]: Syntax error or access violation: 1064 You have an error in your SQL syntax; check the manual that corresponds to your MySQL server version for the right syntax to use near '(SUM(`order_product`.`price`), 2) AS `sum` FROM `order`
  JOIN `order_product` ' at line 1 | Файл: D:\WebServer\domains\ishop2.loc\vendor\gabordemooij\redbean\RedBeanPHP\Driver\RPDO.php | Строка: 186
=================
[2017-09-10 11:39:55] Текст ошибки: Страница не найдена | Файл: D:\WebServer\domains\ishop2.loc\vendor\ishop\core\Router.php | Строка: 39
=================
[2017-09-10 15:34:36] Текст ошибки: Страница не найдена | Файл: D:\WebServer\domains\ishop2.loc\vendor\ishop\core\Router.php | Строка: 39
=================
[2017-09-10 15:34:36] Текст ошибки: Страница не найдена | Файл: D:\WebServer\domains\ishop2.loc\vendor\ishop\core\Router.php | Строка: 39
=================
[2017-09-11 18:56:22] Текст ошибки: Страница не найдена | Файл: D:\WebServer\domains\ishop2.loc\vendor\ishop\core\Router.php | Строка: 39
=================
[2017-09-11 19:01:40] Текст ошибки: SQLSTATE[23000]: Integrity constraint violation: 1062 Duplicate entry '' for key 'alias' | Файл: D:\WebServer\domains\ishop2.loc\vendor\gabordemooij\redbean\RedBeanPHP\Driver\RPDO.php | Строка: 186
=================
[2017-09-11 19:18:45] Текст ошибки: Страница не найдена | Файл: D:\WebServer\domains\ishop2.loc\vendor\ishop\core\Router.php | Строка: 39
=================
[2017-09-11 19:46:18] Текст ошибки: Страница не найдена | Файл: D:\WebServer\domains\ishop2.loc\vendor\ishop\core\Router.php | Строка: 39
=================
[2017-09-12 19:13:23] Текст ошибки: Страница не найдена | Файл: D:\WebServer\domains\ishop2.loc\vendor\ishop\core\Router.php | Строка: 39
=================
[2017-09-12 19:13:24] Текст ошибки: Страница не найдена | Файл: D:\WebServer\domains\ishop2.loc\vendor\ishop\core\Router.php | Строка: 39
=================
[2017-09-12 19:34:52] Текст ошибки: Метод app\controllers\admin\ProductController::relatedProductAction не найден | Файл: D:\WebServer\domains\ishop2.loc\vendor\ishop\core\Router.php | Строка: 33
=================
[2017-09-12 19:36:37] Текст ошибки: Метод app\controllers\admin\ProductController::relatedProductAction не найден | Файл: D:\WebServer\domains\ishop2.loc\vendor\ishop\core\Router.php | Строка: 33
=================
[2017-09-12 19:36:40] Текст ошибки: Метод app\controllers\admin\ProductController::relatedProductAction не найден | Файл: D:\WebServer\domains\ishop2.loc\vendor\ishop\core\Router.php | Строка: 33
=================
[2017-09-12 19:36:49] Текст ошибки: Метод app\controllers\admin\ProductController::relatedProductAction не найден | Файл: D:\WebServer\domains\ishop2.loc\vendor\ishop\core\Router.php | Строка: 33
=================
[2017-09-12 19:37:08] Текст ошибки: Метод app\controllers\admin\ProductController::relatedProductAction не найден | Файл: D:\WebServer\domains\ishop2.loc\vendor\ishop\core\Router.php | Строка: 33
=================
[2017-09-12 19:37:21] Текст ошибки: Метод app\controllers\admin\ProductController::relatedProductAction не найден | Файл: D:\WebServer\domains\ishop2.loc\vendor\ishop\core\Router.php | Строка: 33
=================
[2017-09-12 19:37:42] Текст ошибки: Метод app\controllers\admin\ProductController::relatedProductAction не найден | Файл: D:\WebServer\domains\ishop2.loc\vendor\ishop\core\Router.php | Строка: 33
=================
[2017-09-13 18:35:25] Текст ошибки: Страница не найдена | Файл: D:\WebServer\domains\ishop2.loc\vendor\ishop\core\Router.php | Строка: 39
=================
[2017-09-13 18:35:25] Текст ошибки: Страница не найдена | Файл: D:\WebServer\domains\ishop2.loc\vendor\ishop\core\Router.php | Строка: 39
=================
[2017-09-13 19:00:45] Текст ошибки: Страница не найдена | Файл: D:\WebServer\domains\ishop2.loc\vendor\ishop\core\Router.php | Строка: 39
=================
[2017-09-13 19:00:45] Текст ошибки: Страница не найдена | Файл: D:\WebServer\domains\ishop2.loc\vendor\ishop\core\Router.php | Строка: 39
=================
[2017-09-13 19:00:45] Текст ошибки: Страница не найдена | Файл: D:\WebServer\domains\ishop2.loc\vendor\ishop\core\Router.php | Строка: 39
=================
[2017-09-13 19:00:45] Текст ошибки: Страница не найдена | Файл: D:\WebServer\domains\ishop2.loc\vendor\ishop\core\Router.php | Строка: 39
=================
[2017-09-13 19:00:45] Текст ошибки: Страница не найдена | Файл: D:\WebServer\domains\ishop2.loc\vendor\ishop\core\Router.php | Строка: 39
=================
[2017-09-13 19:00:45] Текст ошибки: Страница не найдена | Файл: D:\WebServer\domains\ishop2.loc\vendor\ishop\core\Router.php | Строка: 39
=================
[2017-09-13 19:00:45] Текст ошибки: Страница не найдена | Файл: D:\WebServer\domains\ishop2.loc\vendor\ishop\core\Router.php | Строка: 39
=================
[2017-09-13 19:00:45] Текст ошибки: Страница не найдена | Файл: D:\WebServer\domains\ishop2.loc\vendor\ishop\core\Router.php | Строка: 39
=================
[2017-09-13 19:05:22] Текст ошибки: Метод app\controllers\admin\ProductController::addImageAction не найден | Файл: D:\WebServer\domains\ishop2.loc\vendor\ishop\core\Router.php | Строка: 33
=================
[2017-09-13 19:05:53] Текст ошибки: Метод app\controllers\admin\ProductController::addImageAction не найден | Файл: D:\WebServer\domains\ishop2.loc\vendor\ishop\core\Router.php | Строка: 33
=================
[2017-09-13 19:07:33] Текст ошибки: На найден вид D:\WebServer\domains\ishop2.loc/app/views/admin\Product/add-image.php | Файл: D:\WebServer\domains\ishop2.loc\vendor\ishop\core\base\View.php | Строка: 38
=================
[2017-09-16 11:06:59] Текст ошибки: Страница не найдена | Файл: D:\WebServer\domains\ishop2.loc\vendor\ishop\core\Router.php | Строка: 39
=================
[2017-09-16 11:06:59] Текст ошибки: Страница не найдена | Файл: D:\WebServer\domains\ishop2.loc\vendor\ishop\core\Router.php | Строка: 39
=================
[2017-09-16 11:59:22] Текст ошибки: Страница не найдена | Файл: D:\WebServer\domains\ishop2.loc\app\controllers\admin\AppController.php | Строка: 29
=================
[2017-09-16 11:59:51] Текст ошибки: Страница не найдена | Файл: D:\WebServer\domains\ishop2.loc\app\controllers\admin\AppController.php | Строка: 29
=================
[2017-09-16 12:17:25] Текст ошибки: Страница не найдена | Файл: D:\WebServer\domains\ishop2.loc\app\controllers\ProductController.php | Строка: 14
=================
[2017-09-16 12:17:29] Текст ошибки: Страница не найдена | Файл: D:\WebServer\domains\ishop2.loc\app\controllers\ProductController.php | Строка: 14
=================
[2017-09-16 12:17:58] Текст ошибки: Страница не найдена | Файл: D:\WebServer\domains\ishop2.loc\app\controllers\ProductController.php | Строка: 14
=================
[2017-09-16 12:33:58] Текст ошибки: Страница не найдена | Файл: D:\WebServer\domains\ishop2.loc\app\controllers\ProductController.php | Строка: 14
=================
[2017-09-16 12:34:10] Текст ошибки: Страница не найдена | Файл: D:\WebServer\domains\ishop2.loc\app\controllers\ProductController.php | Строка: 14
=================
[2017-09-16 14:33:17] Текст ошибки: Страница не найдена | Файл: D:\WebServer\domains\ishop2.loc\vendor\ishop\core\Router.php | Строка: 39
=================
[2017-09-16 14:33:17] Текст ошибки: Страница не найдена | Файл: D:\WebServer\domains\ishop2.loc\vendor\ishop\core\Router.php | Строка: 39
=================
[2017-09-16 15:00:10] Текст ошибки: Invalid type: attribute_group | Файл: D:\WebServer\domains\ishop2.loc\vendor\gabordemooij\redbean\RedBeanPHP\Util\DispenseHelper.php | Строка: 37
=================
[2017-09-16 15:06:26] Текст ошибки: Plugin 'xdispense' does not exist, add this plugin using: R::ext('xdispense') | Файл: D:\WebServer\domains\ishop2.loc\vendor\gabordemooij\redbean\RedBeanPHP\Facade.php | Строка: 2004
=================
[2017-09-16 15:12:41] Текст ошибки: На найден вид D:\WebServer\domains\ishop2.loc/app/views/admin\Filter/attribute.php | Файл: D:\WebServer\domains\ishop2.loc\vendor\ishop\core\base\View.php | Строка: 38
=================
[2017-09-16 15:12:47] Текст ошибки: На найден вид D:\WebServer\domains\ishop2.loc/app/views/admin\Filter/attribute.php | Файл: D:\WebServer\domains\ishop2.loc\vendor\ishop\core\base\View.php | Строка: 38
=================
[2017-09-16 18:15:24] Текст ошибки: Страница не найдена | Файл: D:\WebServer\domains\ishop2.loc\vendor\ishop\core\Router.php | Строка: 39
=================
[2017-09-16 18:47:39] Текст ошибки: Метод app\controllers\admin\ProductController::deleteAction не найден | Файл: D:\WebServer\domains\ishop2.loc\vendor\ishop\core\Router.php | Строка: 33
=================
[2017-09-17 11:44:48] Текст ошибки: Страница не найдена | Файл: D:\WebServer\domains\ishop2.loc\vendor\ishop\core\Router.php | Строка: 39
=================
[2017-09-17 11:44:48] Текст ошибки: Страница не найдена | Файл: D:\WebServer\domains\ishop2.loc\vendor\ishop\core\Router.php | Строка: 39
=================
[2017-09-18 13:33:06] Текст ошибки: На найден вид /home/matros00/matroskin8.in.ua/www/app/views/admin\Main/index.php | Файл: /home/matros00/matroskin8.in.ua/www/vendor/ishop/core/base/View.php | Строка: 38
=================
[2017-09-18 14:00:39] Текст ошибки: Страница не найдена | Файл: /home/matros00/matroskin8.in.ua/www/vendor/ishop/core/Router.php | Строка: 39
=================
[2017-09-18 14:00:43] Текст ошибки: Контроллер app\controllers\SuvenirnayaProdukciyaController не найден | Файл: /home/matros00/matroskin8.in.ua/www/vendor/ishop/core/Router.php | Строка: 36
=================
[2017-09-18 15:09:53] Текст ошибки: Страница не найдена | Файл: /home/matros00/matroskin8.in.ua/www/vendor/ishop/core/Router.php | Строка: 39
=================
[2017-09-18 16:33:08] Текст ошибки: Страница не найдена | Файл: /home/matros00/matroskin8.in.ua/www/vendor/ishop/core/Router.php | Строка: 39
=================
[2017-09-18 17:45:44] Текст ошибки: Страница не найдена | Файл: /home/matros00/matroskin8.in.ua/www/vendor/ishop/core/Router.php | Строка: 39
=================
[2017-09-18 17:45:48] Текст ошибки: Контроллер app\controllers\NewsletterController не найден | Файл: /home/matros00/matroskin8.in.ua/www/vendor/ishop/core/Router.php | Строка: 36
=================
[2017-09-18 17:52:12] Текст ошибки: Страница не найдена | Файл: /home/matros00/matroskin8.in.ua/www/vendor/ishop/core/Router.php | Строка: 39
=================
[2017-09-18 19:23:27] Текст ошибки: Страница не найдена | Файл: /home/matros00/matroskin8.in.ua/www/vendor/ishop/core/Router.php | Строка: 39
=================
[2017-09-18 22:33:05] Текст ошибки: Страница не найдена | Файл: /home/matros00/matroskin8.in.ua/www/vendor/ishop/core/Router.php | Строка: 39
=================
[2017-09-18 22:33:09] Текст ошибки: Страница не найдена | Файл: /home/matros00/matroskin8.in.ua/www/vendor/ishop/core/Router.php | Строка: 39
=================
[2017-09-19 00:43:57] Текст ошибки: Страница не найдена | Файл: /home/matros00/matroskin8.in.ua/www/vendor/ishop/core/Router.php | Строка: 39
=================
[2017-09-19 00:52:07] Текст ошибки: Контроллер app\controllers\KomiksyController не найден | Файл: /home/matros00/matroskin8.in.ua/www/vendor/ishop/core/Router.php | Строка: 36
=================
[2017-09-19 05:05:39] Текст ошибки: Страница не найдена | Файл: /home/matros00/matroskin8.in.ua/www/vendor/ishop/core/Router.php | Строка: 39
=================
[2017-09-19 09:16:21] Текст ошибки: Connection could not be established with host smtp.ukr.net [Connection refused #111] | Файл: /home/matros00/matroskin8.in.ua/www/vendor/swiftmailer/swiftmailer/lib/classes/Swift/Transport/StreamBuffer.php | Строка: 268
=================
[2017-09-19 09:16:21] Текст ошибки: Страница не найдена | Файл: /home/matros00/matroskin8.in.ua/www/vendor/ishop/core/Router.php | Строка: 39
=================
[2017-09-19 13:32:09] Текст ошибки: Страница не найдена | Файл: /home/matros00/matroskin8.in.ua/www/vendor/ishop/core/Router.php | Строка: 39
=================
[2017-09-19 15:16:21] Текст ошибки: Страница не найдена | Файл: /home/matros00/matroskin8.in.ua/www/vendor/ishop/core/Router.php | Строка: 39
=================
[2017-09-19 15:16:21] Текст ошибки: Страница не найдена | Файл: /home/matros00/matroskin8.in.ua/www/vendor/ishop/core/Router.php | Строка: 39
=================
[2017-09-19 15:35:37] Текст ошибки: Страница не найдена | Файл: /home/matros00/matroskin8.in.ua/www/vendor/ishop/core/Router.php | Строка: 39
=================
[2017-09-19 20:01:26] Текст ошибки: Страница не найдена | Файл: /home/matros00/matroskin8.in.ua/www/vendor/ishop/core/Router.php | Строка: 39
=================
[2017-09-19 20:01:26] Текст ошибки: Страница не найдена | Файл: /home/matros00/matroskin8.in.ua/www/vendor/ishop/core/Router.php | Строка: 39
=================
[2017-09-19 20:01:26] Текст ошибки: Страница не найдена | Файл: /home/matros00/matroskin8.in.ua/www/vendor/ishop/core/Router.php | Строка: 39
=================
[2017-09-19 20:01:26] Текст ошибки: Страница не найдена | Файл: /home/matros00/matroskin8.in.ua/www/vendor/ishop/core/Router.php | Строка: 39
=================
[2017-09-19 20:01:26] Текст ошибки: Страница не найдена | Файл: /home/matros00/matroskin8.in.ua/www/vendor/ishop/core/Router.php | Строка: 39
=================
[2017-09-19 20:01:26] Текст ошибки: Страница не найдена | Файл: /home/matros00/matroskin8.in.ua/www/vendor/ishop/core/Router.php | Строка: 39
=================
[2017-09-20 00:11:07] Текст ошибки: Страница не найдена | Файл: /home/matros00/matroskin8.in.ua/www/vendor/ishop/core/Router.php | Строка: 39
=================
[2017-09-20 00:11:08] Текст ошибки: Страница не найдена | Файл: /home/matros00/matroskin8.in.ua/www/vendor/ishop/core/Router.php | Строка: 39
=================
[2017-09-20 00:11:08] Текст ошибки: Страница не найдена | Файл: /home/matros00/matroskin8.in.ua/www/vendor/ishop/core/Router.php | Строка: 39
=================
[2017-09-20 00:11:09] Текст ошибки: Страница не найдена | Файл: /home/matros00/matroskin8.in.ua/www/vendor/ishop/core/Router.php | Строка: 39
=================
[2017-09-20 00:11:09] Текст ошибки: Страница не найдена | Файл: /home/matros00/matroskin8.in.ua/www/vendor/ishop/core/Router.php | Строка: 39
=================
[2017-09-20 00:11:10] Текст ошибки: Страница не найдена | Файл: /home/matros00/matroskin8.in.ua/www/vendor/ishop/core/Router.php | Строка: 39
=================
[2017-09-20 01:53:14] Текст ошибки: Страница не найдена | Файл: /home/matros00/matroskin8.in.ua/www/vendor/ishop/core/Router.php | Строка: 39
=================
[2017-09-20 04:22:30] Текст ошибки: Страница не найдена | Файл: /home/matros00/matroskin8.in.ua/www/vendor/ishop/core/Router.php | Строка: 39
=================
[2017-09-20 04:22:30] Текст ошибки: Страница не найдена | Файл: /home/matros00/matroskin8.in.ua/www/vendor/ishop/core/Router.php | Строка: 39
=================
[2017-09-20 04:22:31] Текст ошибки: Страница не найдена | Файл: /home/matros00/matroskin8.in.ua/www/vendor/ishop/core/Router.php | Строка: 39
=================
[2017-09-20 04:22:31] Текст ошибки: Страница не найдена | Файл: /home/matros00/matroskin8.in.ua/www/vendor/ishop/core/Router.php | Строка: 39
=================
[2017-09-20 04:22:32] Текст ошибки: Страница не найдена | Файл: /home/matros00/matroskin8.in.ua/www/vendor/ishop/core/Router.php | Строка: 39
=================
[2017-09-20 04:22:32] Текст ошибки: Страница не найдена | Файл: /home/matros00/matroskin8.in.ua/www/vendor/ishop/core/Router.php | Строка: 39
=================
[2017-09-20 04:22:33] Текст ошибки: Страница не найдена | Файл: /home/matros00/matroskin8.in.ua/www/vendor/ishop/core/Router.php | Строка: 39
=================
[2017-09-20 23:03:59] Текст ошибки: Страница не найдена | Файл: /home/matros00/matroskin8.in.ua/www/vendor/ishop/core/Router.php | Строка: 39
=================
[2017-09-21 06:21:07] Текст ошибки: Страница не найдена | Файл: /home/matros00/matroskin8.in.ua/www/vendor/ishop/core/Router.php | Строка: 39
=================
[2017-09-21 18:05:21] Текст ошибки: Страница не найдена | Файл: /home/matros00/matroskin8.in.ua/www/vendor/ishop/core/Router.php | Строка: 39
=================
[2017-09-22 02:06:41] Текст ошибки: Страница не найдена | Файл: /home/matros00/matroskin8.in.ua/www/vendor/ishop/core/Router.php | Строка: 39
=================
[2017-09-22 02:19:26] Текст ошибки: Контроллер app\controllers\LoginController не найден | Файл: /home/matros00/matroskin8.in.ua/www/vendor/ishop/core/Router.php | Строка: 36
=================
[2017-09-22 10:49:21] Текст ошибки: Страница не найдена | Файл: /home/matros00/matroskin8.in.ua/www/vendor/ishop/core/Router.php | Строка: 39
=================
[2017-09-22 20:34:42] Текст ошибки: Контроллер app\controllers\ChashkiController не найден | Файл: /home/matros00/matroskin8.in.ua/www/vendor/ishop/core/Router.php | Строка: 36
=================
[2017-09-22 20:35:14] Текст ошибки: Контроллер app\controllers\ChashkiController не найден | Файл: /home/matros00/matroskin8.in.ua/www/vendor/ishop/core/Router.php | Строка: 36
=================
[2017-09-22 20:37:24] Текст ошибки: Контроллер app\controllers\ChashkiController не найден | Файл: /home/matros00/matroskin8.in.ua/www/vendor/ishop/core/Router.php | Строка: 36
=================
[2017-09-22 20:37:28] Текст ошибки: Страница не найдена | Файл: /home/matros00/matroskin8.in.ua/www/vendor/ishop/core/Router.php | Строка: 39
=================
[2017-09-22 20:37:29] Текст ошибки: Страница не найдена | Файл: /home/matros00/matroskin8.in.ua/www/vendor/ishop/core/Router.php | Строка: 39
=================
[2017-09-22 20:37:30] Текст ошибки: Страница не найдена | Файл: /home/matros00/matroskin8.in.ua/www/vendor/ishop/core/Router.php | Строка: 39
=================
[2017-09-22 20:37:30] Текст ошибки: Страница не найдена | Файл: /home/matros00/matroskin8.in.ua/www/vendor/ishop/core/Router.php | Строка: 39
=================
[2017-09-22 20:37:31] Текст ошибки: Страница не найдена | Файл: /home/matros00/matroskin8.in.ua/www/vendor/ishop/core/Router.php | Строка: 39
=================
[2017-09-22 20:37:31] Текст ошибки: Страница не найдена | Файл: /home/matros00/matroskin8.in.ua/www/vendor/ishop/core/Router.php | Строка: 39
=================
[2017-09-22 20:38:29] Текст ошибки: Страница не найдена | Файл: /home/matros00/matroskin8.in.ua/www/vendor/ishop/core/Router.php | Строка: 39
=================
[2017-09-22 20:38:29] Текст ошибки: Страница не найдена | Файл: /home/matros00/matroskin8.in.ua/www/vendor/ishop/core/Router.php | Строка: 39
=================
[2017-09-22 20:38:40] Текст ошибки: Контроллер app\controllers\AppleAppSiteAssociationController не найден | Файл: /home/matros00/matroskin8.in.ua/www/vendor/ishop/core/Router.php | Строка: 36
=================
[2017-09-22 20:38:50] Текст ошибки: Страница не найдена | Файл: /home/matros00/matroskin8.in.ua/www/vendor/ishop/core/Router.php | Строка: 39
=================
[2017-09-22 21:03:03] Текст ошибки: Страница не найдена | Файл: /home/matros00/matroskin8.in.ua/www/vendor/ishop/core/Router.php | Строка: 39
=================
[2017-09-22 21:03:57] Текст ошибки: Контроллер app\controllers\LoginController не найден | Файл: /home/matros00/matroskin8.in.ua/www/vendor/ishop/core/Router.php | Строка: 36
=================
[2017-09-22 21:05:24] Текст ошибки: Страница не найдена | Файл: /home/matros00/matroskin8.in.ua/www/vendor/ishop/core/Router.php | Строка: 39
=================
[2017-09-22 21:05:56] Текст ошибки: Контроллер app\controllers\ChashkiController не найден | Файл: /home/matros00/matroskin8.in.ua/www/vendor/ishop/core/Router.php | Строка: 36
=================
[2017-09-22 21:59:49] Текст ошибки: Страница не найдена | Файл: /home/matros00/matroskin8.in.ua/www/vendor/ishop/core/Router.php | Строка: 39
=================
[2017-09-22 23:06:00] Текст ошибки: Страница не найдена | Файл: /home/matros00/matroskin8.in.ua/www/vendor/ishop/core/Router.php | Строка: 39
=================
[2017-09-22 23:06:04] Текст ошибки: Страница не найдена | Файл: /home/matros00/matroskin8.in.ua/www/vendor/ishop/core/Router.php | Строка: 39
=================
[2017-09-22 23:48:01] Текст ошибки: Страница не найдена | Файл: /home/matros00/matroskin8.in.ua/www/vendor/ishop/core/Router.php | Строка: 39
=================
[2017-09-22 23:48:02] Текст ошибки: Контроллер app\controllers\ChashkiController не найден | Файл: /home/matros00/matroskin8.in.ua/www/vendor/ishop/core/Router.php | Строка: 36
=================
[2017-09-22 23:57:18] Текст ошибки: Контроллер app\controllers\ChashkiController не найден | Файл: /home/matros00/matroskin8.in.ua/www/vendor/ishop/core/Router.php | Строка: 36
=================
[2017-09-23 00:06:36] Текст ошибки: Страница не найдена | Файл: /home/matros00/matroskin8.in.ua/www/vendor/ishop/core/Router.php | Строка: 39
=================
[2017-09-23 00:06:37] Текст ошибки: Страница не найдена | Файл: /home/matros00/matroskin8.in.ua/www/vendor/ishop/core/Router.php | Строка: 39
=================
[2017-09-23 00:06:38] Текст ошибки: Страница не найдена | Файл: /home/matros00/matroskin8.in.ua/www/vendor/ishop/core/Router.php | Строка: 39
=================
[2017-09-23 00:06:39] Текст ошибки: Страница не найдена | Файл: /home/matros00/matroskin8.in.ua/www/vendor/ishop/core/Router.php | Строка: 39
=================
[2017-09-23 00:06:40] Текст ошибки: Страница не найдена | Файл: /home/matros00/matroskin8.in.ua/www/vendor/ishop/core/Router.php | Строка: 39
=================
[2017-09-23 00:06:40] Текст ошибки: Страница не найдена | Файл: /home/matros00/matroskin8.in.ua/www/vendor/ishop/core/Router.php | Строка: 39
=================
[2017-09-23 10:13:14] Текст ошибки: Страница не найдена | Файл: /home/matros00/matroskin8.in.ua/www/vendor/ishop/core/Router.php | Строка: 39
=================
[2017-09-23 11:16:27] Текст ошибки: Страница не найдена | Файл: /home/matros00/matroskin8.in.ua/www/vendor/ishop/core/Router.php | Строка: 39
=================
[2017-09-23 12:12:51] Текст ошибки: Страница не найдена | Файл: D:\WebServer\domains\ishop2.loc\vendor\ishop\core\Router.php | Строка: 39
=================
[2017-09-23 12:13:30] Текст ошибки: Нет соединения с БД | Файл: D:\WebServer\domains\ishop2.loc\vendor\ishop\core\Db.php | Строка: 14
=================
[2017-09-30 11:39:58] Текст ошибки: Страница не найдена | Файл: D:\WebServer\domains\ishop2.loc\vendor\ishop\core\Router.php | Строка: 39
=================
[2017-09-30 12:12:34] Текст ошибки: Страница не найдена | Файл: D:\WebServer\domains\ishop2.loc\vendor\ishop\core\Router.php | Строка: 39
=================
[2017-09-30 12:12:34] Текст ошибки: Страница не найдена | Файл: D:\WebServer\domains\ishop2.loc\vendor\ishop\core\Router.php | Строка: 39
=================
